# JRE version: OpenJDK Runtime Environment (8.0_152-b06) (build 1.8.0_152-release-1136-b06)
# Java VM: OpenJDK 64-Bit Server VM (25.152-b06 mixed mode windows-amd64 compressed oops)
Heap:
 PSYoungGen      total 111616K, used 63808K [0x00000000e0000000, 0x00000000e9500000, 0x0000000100000000)
  eden space 100352K, 52% used [0x00000000e0000000,0x00000000e3350c18,0x00000000e6200000)
  from space 11264K, 99% used [0x00000000e6200000,0x00000000e6cff418,0x00000000e6d00000)
  to   space 14848K, 0% used [0x00000000e8680000,0x00000000e8680000,0x00000000e9500000)
 ParOldGen       total 93184K, used 21115K [0x00000000a0000000, 0x00000000a5b00000, 0x00000000e0000000)
  object space 93184K, 22% used [0x00000000a0000000,0x00000000a149eef0,0x00000000a5b00000)
 Metaspace       used 50631K, capacity 51851K, committed 51928K, reserved 1093632K
  class space    used 6821K, capacity 7147K, committed 7168K, reserved 1048576K
GC Heap History (10 events):
Event: 3.854 GC heap before
{Heap before GC invocations=9 (full 1):
 PSYoungGen      total 70656K, used 66914K [0x00000000e0000000, 0x00000000e5f00000, 0x0000000100000000)
  eden space 60416K, 100% used [0x00000000e0000000,0x00000000e3b00000,0x00000000e3b00000)
  from space 10240K, 63% used [0x00000000e3b00000,0x00000000e4158aa8,0x00000000e4500000)
  to   space 9728K, 0% used [0x00000000e5580000,0x00000000e5580000,0x00000000e5f00000)
 ParOldGen       total 61440K, used 8237K [0x00000000a0000000, 0x00000000a3c00000, 0x00000000e0000000)
  object space 61440K, 13% used [0x00000000a0000000,0x00000000a080b698,0x00000000a3c00000)
 Metaspace       used 32769K, capacity 33292K, committed 33536K, reserved 1077248K
  class space    used 4597K, capacity 4758K, committed 4864K, reserved 1048576K
Event: 3.863 GC heap after
Heap after GC invocations=9 (full 1):
 PSYoungGen      total 86016K, used 9717K [0x00000000e0000000, 0x00000000e6e80000, 0x0000000100000000)
  eden space 76288K, 0% used [0x00000000e0000000,0x00000000e0000000,0x00000000e4a80000)
  from space 9728K, 99% used [0x00000000e5580000,0x00000000e5efd670,0x00000000e5f00000)
  to   space 11264K, 0% used [0x00000000e4a80000,0x00000000e4a80000,0x00000000e5580000)
 ParOldGen       total 61440K, used 8447K [0x00000000a0000000, 0x00000000a3c00000, 0x00000000e0000000)
  object space 61440K, 13% used [0x00000000a0000000,0x00000000a083ff40,0x00000000a3c00000)
 Metaspace       used 32769K, capacity 33292K, committed 33536K, reserved 1077248K
  class space    used 4597K, capacity 4758K, committed 4864K, reserved 1048576K
}
Event: 3.985 GC heap before
{Heap before GC invocations=10 (full 1):
 PSYoungGen      total 86016K, used 22421K [0x00000000e0000000, 0x00000000e6e80000, 0x0000000100000000)
  eden space 76288K, 16% used [0x00000000e0000000,0x00000000e0c680d0,0x00000000e4a80000)
  from space 9728K, 99% used [0x00000000e5580000,0x00000000e5efd670,0x00000000e5f00000)
  to   space 11264K, 0% used [0x00000000e4a80000,0x00000000e4a80000,0x00000000e5580000)
 ParOldGen       total 61440K, used 8447K [0x00000000a0000000, 0x00000000a3c00000, 0x00000000e0000000)
  object space 61440K, 13% used [0x00000000a0000000,0x00000000a083ff40,0x00000000a3c00000)
 Metaspace       used 34686K, capacity 35265K, committed 35416K, reserved 1079296K
  class space    used 4808K, capacity 4992K, committed 4992K, reserved 1048576K
Event: 3.990 GC heap after
Heap after GC invocations=10 (full 1):
 PSYoungGen      total 87552K, used 8376K [0x00000000e0000000, 0x00000000e7b80000, 0x0000000100000000)
  eden space 76288K, 0% used [0x00000000e0000000,0x00000000e0000000,0x00000000e4a80000)
  from space 11264K, 74% used [0x00000000e4a80000,0x00000000e52ae350,0x00000000e5580000)
  to   space 11264K, 0% used [0x00000000e7080000,0x00000000e7080000,0x00000000e7b80000)
 ParOldGen       total 61440K, used 8455K [0x00000000a0000000, 0x00000000a3c00000, 0x00000000e0000000)
  object space 61440K, 13% used [0x00000000a0000000,0x00000000a0841f40,0x00000000a3c00000)
 Metaspace       used 34686K, capacity 35265K, committed 35416K, reserved 1079296K
  class space    used 4808K, capacity 4992K, committed 4992K, reserved 1048576K
}
Event: 3.990 GC heap before
{Heap before GC invocations=11 (full 2):
 PSYoungGen      total 87552K, used 8376K [0x00000000e0000000, 0x00000000e7b80000, 0x0000000100000000)
  eden space 76288K, 0% used [0x00000000e0000000,0x00000000e0000000,0x00000000e4a80000)
  from space 11264K, 74% used [0x00000000e4a80000,0x00000000e52ae350,0x00000000e5580000)
  to   space 11264K, 0% used [0x00000000e7080000,0x00000000e7080000,0x00000000e7b80000)
 ParOldGen       total 61440K, used 8455K [0x00000000a0000000, 0x00000000a3c00000, 0x00000000e0000000)
  object space 61440K, 13% used [0x00000000a0000000,0x00000000a0841f40,0x00000000a3c00000)
 Metaspace       used 34686K, capacity 35265K, committed 35416K, reserved 1079296K
  class space    used 4808K, capacity 4992K, committed 4992K, reserved 1048576K
Event: 4.046 GC heap after
Heap after GC invocations=11 (full 2):
 PSYoungGen      total 87552K, used 0K [0x00000000e0000000, 0x00000000e7b80000, 0x0000000100000000)
  eden space 76288K, 0% used [0x00000000e0000000,0x00000000e0000000,0x00000000e4a80000)
  from space 11264K, 0% used [0x00000000e4a80000,0x00000000e4a80000,0x00000000e5580000)
  to   space 11264K, 0% used [0x00000000e7080000,0x00000000e7080000,0x00000000e7b80000)
 ParOldGen       total 93184K, used 14861K [0x00000000a0000000, 0x00000000a5b00000, 0x00000000e0000000)
  object space 93184K, 15% used [0x00000000a0000000,0x00000000a0e83568,0x00000000a5b00000)
 Metaspace       used 34686K, capacity 35265K, committed 35416K, reserved 1079296K
  class space    used 4808K, capacity 4992K, committed 4992K, reserved 1048576K
}
Event: 4.607 GC heap before
{Heap before GC invocations=12 (full 2):
 PSYoungGen      total 87552K, used 76288K [0x00000000e0000000, 0x00000000e7b80000, 0x0000000100000000)
  eden space 76288K, 100% used [0x00000000e0000000,0x00000000e4a80000,0x00000000e4a80000)
  from space 11264K, 0% used [0x00000000e4a80000,0x00000000e4a80000,0x00000000e5580000)
  to   space 11264K, 0% used [0x00000000e7080000,0x00000000e7080000,0x00000000e7b80000)
 ParOldGen       total 93184K, used 14861K [0x00000000a0000000, 0x00000000a5b00000, 0x00000000e0000000)
  object space 93184K, 15% used [0x00000000a0000000,0x00000000a0e83568,0x00000000a5b00000)
 Metaspace       used 39000K, capacity 39699K, committed 39896K, reserved 1083392K
  class space    used 5332K, capacity 5590K, committed 5632K, reserved 1048576K
Event: 4.614 GC heap after
Heap after GC invocations=12 (full 2):
 PSYoungGen      total 104960K, used 7542K [0x00000000e0000000, 0x00000000e7800000, 0x0000000100000000)
  eden space 97280K, 0% used [0x00000000e0000000,0x00000000e0000000,0x00000000e5f00000)
  from space 7680K, 98% used [0x00000000e7080000,0x00000000e77dd8c8,0x00000000e7800000)
  to   space 11264K, 0% used [0x00000000e6200000,0x00000000e6200000,0x00000000e6d00000)
 ParOldGen       total 93184K, used 14869K [0x00000000a0000000, 0x00000000a5b00000, 0x00000000e0000000)
  object space 93184K, 15% used [0x00000000a0000000,0x00000000a0e85568,0x00000000a5b00000)
 Metaspace       used 39000K, capacity 39699K, committed 39896K, reserved 1083392K
  class space    used 5332K, capacity 5590K, committed 5632K, reserved 1048576K
}
Event: 5.591 GC heap before
{Heap before GC invocations=13 (full 2):
 PSYoungGen      total 104960K, used 104822K [0x00000000e0000000, 0x00000000e7800000, 0x0000000100000000)
  eden space 97280K, 100% used [0x00000000e0000000,0x00000000e5f00000,0x00000000e5f00000)
  from space 7680K, 98% used [0x00000000e7080000,0x00000000e77dd8c8,0x00000000e7800000)
  to   space 11264K, 0% used [0x00000000e6200000,0x00000000e6200000,0x00000000e6d00000)
 ParOldGen       total 93184K, used 14869K [0x00000000a0000000, 0x00000000a5b00000, 0x00000000e0000000)
  object space 93184K, 15% used [0x00000000a0000000,0x00000000a0e85568,0x00000000a5b00000)
 Metaspace       used 47519K, capacity 48335K, committed 48472K, reserved 1091584K
  class space    used 6427K, capacity 6711K, committed 6784K, reserved 1048576K
Event: 5.605 GC heap after
Heap after GC invocations=13 (full 2):
 PSYoungGen      total 111616K, used 11261K [0x00000000e0000000, 0x00000000e9500000, 0x0000000100000000)
  eden space 100352K, 0% used [0x00000000e0000000,0x00000000e0000000,0x00000000e6200000)
  from space 11264K, 99% used [0x00000000e6200000,0x00000000e6cff418,0x00000000e6d00000)
  to   space 14848K, 0% used [0x00000000e8680000,0x00000000e8680000,0x00000000e9500000)
 ParOldGen       total 93184K, used 21115K [0x00000000a0000000, 0x00000000a5b00000, 0x00000000e0000000)
  object space 93184K, 22% used [0x00000000a0000000,0x00000000a149eef0,0x00000000a5b00000)
 Metaspace       used 47519K, capacity 48335K, committed 48472K, reserved 1091584K
  class space    used 6427K, capacity 6711K, committed 6784K, reserved 1048576K
}

