# JRE version: OpenJDK Runtime Environment (8.0_152-b06) (build 1.8.0_152-release-1136-b06)
# Java VM: OpenJDK 64-Bit Server VM (25.152-b06 mixed mode windows-amd64 compressed oops)
Heap:
 PSYoungGen      total 112128K, used 36796K [0x00000000e0000000, 0x00000000e8800000, 0x0000000100000000)
  eden space 98304K, 23% used [0x00000000e0000000,0x00000000e1673d20,0x00000000e6000000)
  from space 13824K, 99% used [0x00000000e7100000,0x00000000e7e7b510,0x00000000e7e80000)
  to   space 17408K, 0% used [0x00000000e6000000,0x00000000e6000000,0x00000000e7100000)
 ParOldGen       total 103424K, used 24004K [0x00000000a0000000, 0x00000000a6500000, 0x00000000e0000000)
  object space 103424K, 23% used [0x00000000a0000000,0x00000000a1771240,0x00000000a6500000)
 Metaspace       used 52845K, capacity 54331K, committed 54488K, reserved 1095680K
  class space    used 7188K, capacity 7605K, committed 7680K, reserved 1048576K
GC Heap History (10 events):
Event: 8.375 GC heap before
{Heap before GC invocations=10 (full 1):
 PSYoungGen      total 76800K, used 26555K [0x00000000e0000000, 0x00000000e6980000, 0x0000000100000000)
  eden space 67072K, 25% used [0x00000000e0000000,0x00000000e10c7e58,0x00000000e4180000)
  from space 9728K, 96% used [0x00000000e4c00000,0x00000000e5526f08,0x00000000e5580000)
  to   space 10752K, 0% used [0x00000000e4180000,0x00000000e4180000,0x00000000e4c00000)
 ParOldGen       total 65024K, used 8273K [0x00000000a0000000, 0x00000000a3f80000, 0x00000000e0000000)
  object space 65024K, 12% used [0x00000000a0000000,0x00000000a0814420,0x00000000a3f80000)
 Metaspace       used 34703K, capacity 35197K, committed 35416K, reserved 1079296K
  class space    used 4808K, capacity 4992K, committed 4992K, reserved 1048576K
Event: 8.382 GC heap after
Heap after GC invocations=10 (full 1):
 PSYoungGen      total 77824K, used 8704K [0x00000000e0000000, 0x00000000e6900000, 0x0000000100000000)
  eden space 67072K, 0% used [0x00000000e0000000,0x00000000e0000000,0x00000000e4180000)
  from space 10752K, 80% used [0x00000000e4180000,0x00000000e4a00310,0x00000000e4c00000)
  to   space 11264K, 0% used [0x00000000e5e00000,0x00000000e5e00000,0x00000000e6900000)
 ParOldGen       total 65024K, used 8281K [0x00000000a0000000, 0x00000000a3f80000, 0x00000000e0000000)
  object space 65024K, 12% used [0x00000000a0000000,0x00000000a0816420,0x00000000a3f80000)
 Metaspace       used 34703K, capacity 35197K, committed 35416K, reserved 1079296K
  class space    used 4808K, capacity 4992K, committed 4992K, reserved 1048576K
}
Event: 8.382 GC heap before
{Heap before GC invocations=11 (full 2):
 PSYoungGen      total 77824K, used 8704K [0x00000000e0000000, 0x00000000e6900000, 0x0000000100000000)
  eden space 67072K, 0% used [0x00000000e0000000,0x00000000e0000000,0x00000000e4180000)
  from space 10752K, 80% used [0x00000000e4180000,0x00000000e4a00310,0x00000000e4c00000)
  to   space 11264K, 0% used [0x00000000e5e00000,0x00000000e5e00000,0x00000000e6900000)
 ParOldGen       total 65024K, used 8281K [0x00000000a0000000, 0x00000000a3f80000, 0x00000000e0000000)
  object space 65024K, 12% used [0x00000000a0000000,0x00000000a0816420,0x00000000a3f80000)
 Metaspace       used 34703K, capacity 35197K, committed 35416K, reserved 1079296K
  class space    used 4808K, capacity 4992K, committed 4992K, reserved 1048576K
Event: 8.446 GC heap after
Heap after GC invocations=11 (full 2):
 PSYoungGen      total 77824K, used 0K [0x00000000e0000000, 0x00000000e6900000, 0x0000000100000000)
  eden space 67072K, 0% used [0x00000000e0000000,0x00000000e0000000,0x00000000e4180000)
  from space 10752K, 0% used [0x00000000e4180000,0x00000000e4180000,0x00000000e4c00000)
  to   space 11264K, 0% used [0x00000000e5e00000,0x00000000e5e00000,0x00000000e6900000)
 ParOldGen       total 103424K, used 15230K [0x00000000a0000000, 0x00000000a6500000, 0x00000000e0000000)
  object space 103424K, 14% used [0x00000000a0000000,0x00000000a0edf950,0x00000000a6500000)
 Metaspace       used 34703K, capacity 35197K, committed 35416K, reserved 1079296K
  class space    used 4808K, capacity 4992K, committed 4992K, reserved 1048576K
}
Event: 9.242 GC heap before
{Heap before GC invocations=12 (full 2):
 PSYoungGen      total 77824K, used 67072K [0x00000000e0000000, 0x00000000e6900000, 0x0000000100000000)
  eden space 67072K, 100% used [0x00000000e0000000,0x00000000e4180000,0x00000000e4180000)
  from space 10752K, 0% used [0x00000000e4180000,0x00000000e4180000,0x00000000e4c00000)
  to   space 11264K, 0% used [0x00000000e5e00000,0x00000000e5e00000,0x00000000e6900000)
 ParOldGen       total 103424K, used 15230K [0x00000000a0000000, 0x00000000a6500000, 0x00000000e0000000)
  object space 103424K, 14% used [0x00000000a0000000,0x00000000a0edf950,0x00000000a6500000)
 Metaspace       used 38400K, capacity 39075K, committed 39256K, reserved 1083392K
  class space    used 5249K, capacity 5492K, committed 5504K, reserved 1048576K
Event: 9.250 GC heap after
Heap after GC invocations=12 (full 2):
 PSYoungGen      total 92160K, used 7887K [0x00000000e0000000, 0x00000000e6700000, 0x0000000100000000)
  eden space 82944K, 0% used [0x00000000e0000000,0x00000000e0000000,0x00000000e5100000)
  from space 9216K, 85% used [0x00000000e5e00000,0x00000000e65b3cd8,0x00000000e6700000)
  to   space 11264K, 0% used [0x00000000e5100000,0x00000000e5100000,0x00000000e5c00000)
 ParOldGen       total 103424K, used 15238K [0x00000000a0000000, 0x00000000a6500000, 0x00000000e0000000)
  object space 103424K, 14% used [0x00000000a0000000,0x00000000a0ee1950,0x00000000a6500000)
 Metaspace       used 38400K, capacity 39075K, committed 39256K, reserved 1083392K
  class space    used 5249K, capacity 5492K, committed 5504K, reserved 1048576K
}
Event: 10.753 GC heap before
{Heap before GC invocations=13 (full 2):
 PSYoungGen      total 92160K, used 90831K [0x00000000e0000000, 0x00000000e6700000, 0x0000000100000000)
  eden space 82944K, 100% used [0x00000000e0000000,0x00000000e5100000,0x00000000e5100000)
  from space 9216K, 85% used [0x00000000e5e00000,0x00000000e65b3cd8,0x00000000e6700000)
  to   space 11264K, 0% used [0x00000000e5100000,0x00000000e5100000,0x00000000e5c00000)
 ParOldGen       total 103424K, used 15238K [0x00000000a0000000, 0x00000000a6500000, 0x00000000e0000000)
  object space 103424K, 14% used [0x00000000a0000000,0x00000000a0ee1950,0x00000000a6500000)
 Metaspace       used 43484K, capacity 44309K, committed 44632K, reserved 1087488K
  class space    used 5895K, capacity 6178K, committed 6272K, reserved 1048576K
Event: 10.764 GC heap after
Heap after GC invocations=13 (full 2):
 PSYoungGen      total 94208K, used 11244K [0x00000000e0000000, 0x00000000e7e80000, 0x0000000100000000)
  eden space 82944K, 0% used [0x00000000e0000000,0x00000000e0000000,0x00000000e5100000)
  from space 11264K, 99% used [0x00000000e5100000,0x00000000e5bfb2f0,0x00000000e5c00000)
  to   space 13824K, 0% used [0x00000000e7100000,0x00000000e7100000,0x00000000e7e80000)
 ParOldGen       total 103424K, used 19263K [0x00000000a0000000, 0x00000000a6500000, 0x00000000e0000000)
  object space 103424K, 18% used [0x00000000a0000000,0x00000000a12cfe08,0x00000000a6500000)
 Metaspace       used 43484K, capacity 44309K, committed 44632K, reserved 1087488K
  class space    used 5895K, capacity 6178K, committed 6272K, reserved 1048576K
}
Event: 12.257 GC heap before
{Heap before GC invocations=14 (full 2):
 PSYoungGen      total 94208K, used 94188K [0x00000000e0000000, 0x00000000e7e80000, 0x0000000100000000)
  eden space 82944K, 100% used [0x00000000e0000000,0x00000000e5100000,0x00000000e5100000)
  from space 11264K, 99% used [0x00000000e5100000,0x00000000e5bfb2f0,0x00000000e5c00000)
  to   space 13824K, 0% used [0x00000000e7100000,0x00000000e7100000,0x00000000e7e80000)
 ParOldGen       total 103424K, used 19263K [0x00000000a0000000, 0x00000000a6500000, 0x00000000e0000000)
  object space 103424K, 18% used [0x00000000a0000000,0x00000000a12cfe08,0x00000000a6500000)
 Metaspace       used 51461K, capacity 52761K, committed 52952K, reserved 1095680K
  class space    used 6957K, capacity 7344K, committed 7424K, reserved 1048576K
Event: 12.286 GC heap after
Heap after GC invocations=14 (full 2):
 PSYoungGen      total 112128K, used 13805K [0x00000000e0000000, 0x00000000e8800000, 0x0000000100000000)
  eden space 98304K, 0% used [0x00000000e0000000,0x00000000e0000000,0x00000000e6000000)
  from space 13824K, 99% used [0x00000000e7100000,0x00000000e7e7b510,0x00000000e7e80000)
  to   space 17408K, 0% used [0x00000000e6000000,0x00000000e6000000,0x00000000e7100000)
 ParOldGen       total 103424K, used 24004K [0x00000000a0000000, 0x00000000a6500000, 0x00000000e0000000)
  object space 103424K, 23% used [0x00000000a0000000,0x00000000a1771240,0x00000000a6500000)
 Metaspace       used 51461K, capacity 52761K, committed 52952K, reserved 1095680K
  class space    used 6957K, capacity 7344K, committed 7424K, reserved 1048576K
}

